[debug] [2024-09-15T09:14:39.139Z] ----------------------------------------------------------------------
[debug] [2024-09-15T09:14:39.141Z] Command:       C:\Program Files\nodejs\node.exe C:\Users\Chris\AppData\Roaming\npm\node_modules\firebase-tools\lib\bin\firebase.js emulators:start --only firestore
[debug] [2024-09-15T09:14:39.141Z] CLI Version:   13.17.0
[debug] [2024-09-15T09:14:39.141Z] Platform:      win32
[debug] [2024-09-15T09:14:39.141Z] Node Version:  v20.17.0
[debug] [2024-09-15T09:14:39.141Z] Time:          Sun Sep 15 2024 11:14:39 GMT+0200 (Central European Summer Time)
[debug] [2024-09-15T09:14:39.142Z] ----------------------------------------------------------------------
[debug] 
[debug] [2024-09-15T09:14:39.201Z] > command requires scopes: ["email","openid","https://www.googleapis.com/auth/cloudplatformprojects.readonly","https://www.googleapis.com/auth/firebase","https://www.googleapis.com/auth/cloud-platform"]
[debug] [2024-09-15T09:14:39.201Z] > authorizing via signed-in user (christerknorborg@hotmail.com)
[debug] [2024-09-15T09:14:39.235Z] openjdk version "17.0.12" 2024-07-16

[debug] [2024-09-15T09:14:39.235Z] OpenJDK Runtime Environment Temurin-17.0.12+7 (build 17.0.12+7)
OpenJDK 64-Bit Server VM Temurin-17.0.12+7 (build 17.0.12+7, mixed mode, sharing)

[debug] [2024-09-15T09:14:39.252Z] Parsed Java major version: 17
[info] i  emulators: Starting emulators: firestore {"metadata":{"emulator":{"name":"hub"},"message":"Starting emulators: firestore"}}
[debug] [2024-09-15T09:14:39.258Z] [firestore] Firestore Emulator only supports listening on one address (127.0.0.1). Not listening on ::1
[debug] [2024-09-15T09:14:39.258Z] [firestore.websocket] websocket server for firestore only supports listening on one address (127.0.0.1). Not listening on ::1
[warn] !  logging: Logging Emulator unable to start on port 4500, starting on 4501 instead. {"metadata":{"emulator":{"name":"logging"},"message":"Logging Emulator unable to start on port 4500, starting on 4501 instead."}}
[debug] [2024-09-15T09:14:39.258Z] [logging] Logging Emulator only supports listening on one address (127.0.0.1). Not listening on ::1
[debug] [2024-09-15T09:14:39.259Z] assigned listening specs for emulators {"user":{"hub":[{"address":"127.0.0.1","family":"IPv4","port":4400},{"address":"::1","family":"IPv6","port":4400}],"ui":[{"address":"127.0.0.1","family":"IPv4","port":4500},{"address":"::1","family":"IPv6","port":4500}],"firestore":[{"address":"127.0.0.1","family":"IPv4","port":8085}],"firestore.websocket":[{"address":"127.0.0.1","family":"IPv4","port":9150}],"logging":[{"address":"127.0.0.1","family":"IPv4","port":4501}]},"metadata":{"message":"assigned listening specs for emulators"}}
[debug] [2024-09-15T09:14:39.261Z] [hub] writing locator at C:\Users\Chris\AppData\Local\Temp\hub-overengineered-calculato-2f35d.json
[debug] [2024-09-15T09:14:39.266Z] Ignoring unsupported arg: auto_download {"metadata":{"emulator":{"name":"firestore"},"message":"Ignoring unsupported arg: auto_download"}}
[debug] [2024-09-15T09:14:39.267Z] Ignoring unsupported arg: single_project_mode_error {"metadata":{"emulator":{"name":"firestore"},"message":"Ignoring unsupported arg: single_project_mode_error"}}
[debug] [2024-09-15T09:14:39.267Z] Starting Firestore Emulator with command {"binary":"java","args":["-Dgoogle.cloud_firestore.debug_log_level=FINE","-Duser.language=en","-jar","C:\\Users\\Chris\\.cache\\firebase\\emulators\\cloud-firestore-emulator-v1.19.8.jar","--host","127.0.0.1","--port",8085,"--websocket_port",9150,"--project_id","overengineered-calculato-2f35d","--rules","C:\\Users\\Chris\\Desktop\\Golang\\over-engineered_calculator\\firestore.rules","--single_project_mode",true],"optionalArgs":["port","webchannel_port","host","rules","websocket_port","functions_emulator","seed_from_export","project_id","single_project_mode"],"joinArgs":false,"shell":false} {"metadata":{"emulator":{"name":"firestore"},"message":"Starting Firestore Emulator with command {\"binary\":\"java\",\"args\":[\"-Dgoogle.cloud_firestore.debug_log_level=FINE\",\"-Duser.language=en\",\"-jar\",\"C:\\\\Users\\\\Chris\\\\.cache\\\\firebase\\\\emulators\\\\cloud-firestore-emulator-v1.19.8.jar\",\"--host\",\"127.0.0.1\",\"--port\",8085,\"--websocket_port\",9150,\"--project_id\",\"overengineered-calculato-2f35d\",\"--rules\",\"C:\\\\Users\\\\Chris\\\\Desktop\\\\Golang\\\\over-engineered_calculator\\\\firestore.rules\",\"--single_project_mode\",true],\"optionalArgs\":[\"port\",\"webchannel_port\",\"host\",\"rules\",\"websocket_port\",\"functions_emulator\",\"seed_from_export\",\"project_id\",\"single_project_mode\"],\"joinArgs\":false,\"shell\":false}"}}
[info] i  firestore: Firestore Emulator logging to firestore-debug.log {"metadata":{"emulator":{"name":"firestore"},"message":"Firestore Emulator logging to \u001b[1mfirestore-debug.log\u001b[22m"}}
[debug] [2024-09-15T09:14:39.891Z] Sep 15, 2024 11:14:39 AM com.google.cloud.datastore.emulator.firestore.websocket.WebSocketServer start
INFO: Started WebSocket server on ws://127.0.0.1:9150
 {"metadata":{"emulator":{"name":"firestore"},"message":"Sep 15, 2024 11:14:39 AM com.google.cloud.datastore.emulator.firestore.websocket.WebSocketServer start\r\nINFO: Started WebSocket server on ws://127.0.0.1:9150\r\n"}}
[debug] [2024-09-15T09:14:39.922Z] API endpoint: http:// {"metadata":{"emulator":{"name":"firestore"},"message":"API endpoint: http://"}}
[debug] [2024-09-15T09:14:39.922Z] 127.0.0.1:8085
If you are using a library that supports the FIRESTORE_EMULATOR_HOST environment variable, run:

   export FIRESTORE_EMULATOR_HOST=127.0.0.1:8085

If you are running a Firestore in Datastore Mode project, run:

   export DATASTORE_EMULATOR_HOST=127.0.0.1:8085

Note: Support for Datastore Mode is in preview. If you encounter any bugs please file at https://github.com/firebase/firebase-tools/issues.
Dev App Server is now running.

 {"metadata":{"emulator":{"name":"firestore"},"message":"127.0.0.1:8085\nIf you are using a library that supports the FIRESTORE_EMULATOR_HOST environment variable, run:\r\n\n   export FIRESTORE_EMULATOR_HOST=127.0.0.1:8085\n\nIf you are running a Firestore in Datastore Mode project, run:\r\n\n   export DATASTORE_EMULATOR_HOST=127.0.0.1:8085\n\nNote: Support for Datastore Mode is in preview. If you encounter any bugs please file at https://github.com/firebase/firebase-tools/issues.\r\nDev App Server is now running.\n\r\n"}}
[info] +  firestore: Firestore Emulator UI websocket is running on 9150. {"metadata":{"emulator":{"name":"firestore"},"message":"Firestore Emulator UI websocket is running on 9150."}}
[info] i  ui: downloading ui-v1.13.0.zip... {"metadata":{"emulator":{"name":"ui"},"message":"downloading ui-v1.13.0.zip..."}}
[debug] [2024-09-15T09:14:40.097Z] >>> [apiv2][query] GET https://storage.googleapis.com/firebase-preview-drop/emulator/ui-v1.13.0.zip 
[debug] [2024-09-15T09:14:40.208Z] <<< [apiv2][status] GET https://storage.googleapis.com/firebase-preview-drop/emulator/ui-v1.13.0.zip 200
[debug] [2024-09-15T09:14:40.208Z] <<< [apiv2][body] GET https://storage.googleapis.com/firebase-preview-drop/emulator/ui-v1.13.0.zip [stream]
[debug] [2024-09-15T09:14:40.427Z] Data is 3605485
[debug] [2024-09-15T09:14:40.427Z] [unzip] Entry: client/ (compressed_size=0 bytes, uncompressed_size=0 bytes)
[debug] [2024-09-15T09:14:40.427Z] [unzip] Processing entry: client\
[debug] [2024-09-15T09:14:40.427Z] [unzip] mkdir: C:\Users\Chris\.cache\firebase\emulators\ui-v1.13.0\client\
[debug] [2024-09-15T09:14:40.428Z] [unzip] Entry: client/favicon-16x16.png (compressed_size=293 bytes, uncompressed_size=293 bytes)
[debug] [2024-09-15T09:14:40.428Z] [unzip] Processing entry: client\favicon-16x16.png
[debug] [2024-09-15T09:14:40.428Z] [unzip] else mkdir: C:\Users\Chris\.cache\firebase\emulators\ui-v1.13.0\client
[debug] [2024-09-15T09:14:40.428Z] [unzip] Writing file: C:\Users\Chris\.cache\firebase\emulators\ui-v1.13.0\client\favicon-16x16.png
[debug] [2024-09-15T09:14:40.428Z] [unzip] Entry: client/safari-pinned-tab.svg (compressed_size=1433 bytes, uncompressed_size=2611 bytes)
[debug] [2024-09-15T09:14:40.429Z] [unzip] Processing entry: client\safari-pinned-tab.svg
[debug] [2024-09-15T09:14:40.429Z] [unzip] else mkdir: C:\Users\Chris\.cache\firebase\emulators\ui-v1.13.0\client
[debug] [2024-09-15T09:14:40.429Z] [unzip] deflating: C:\Users\Chris\.cache\firebase\emulators\ui-v1.13.0\client\safari-pinned-tab.svg
[debug] [2024-09-15T09:14:40.432Z] [unzip] Entry: client/favicon.ico (compressed_size=2933 bytes, uncompressed_size=13294 bytes)
[debug] [2024-09-15T09:14:40.432Z] [unzip] Processing entry: client\favicon.ico
[debug] [2024-09-15T09:14:40.433Z] [unzip] else mkdir: C:\Users\Chris\.cache\firebase\emulators\ui-v1.13.0\client
[debug] [2024-09-15T09:14:40.433Z] [unzip] deflating: C:\Users\Chris\.cache\firebase\emulators\ui-v1.13.0\client\favicon.ico
[debug] [2024-09-15T09:14:40.434Z] [unzip] Entry: client/index.html (compressed_size=1361 bytes, uncompressed_size=3071 bytes)
[debug] [2024-09-15T09:14:40.434Z] [unzip] Processing entry: client\index.html
[debug] [2024-09-15T09:14:40.434Z] [unzip] else mkdir: C:\Users\Chris\.cache\firebase\emulators\ui-v1.13.0\client
[debug] [2024-09-15T09:14:40.434Z] [unzip] deflating: C:\Users\Chris\.cache\firebase\emulators\ui-v1.13.0\client\index.html
[debug] [2024-09-15T09:14:40.434Z] [unzip] Entry: client/android-chrome-192x192.png (compressed_size=2684 bytes, uncompressed_size=2684 bytes)
[debug] [2024-09-15T09:14:40.434Z] [unzip] Processing entry: client\android-chrome-192x192.png
[debug] [2024-09-15T09:14:40.434Z] [unzip] else mkdir: C:\Users\Chris\.cache\firebase\emulators\ui-v1.13.0\client
[debug] [2024-09-15T09:14:40.434Z] [unzip] Writing file: C:\Users\Chris\.cache\firebase\emulators\ui-v1.13.0\client\android-chrome-192x192.png
[debug] [2024-09-15T09:14:40.435Z] [unzip] Entry: client/apple-touch-icon.png (compressed_size=2123 bytes, uncompressed_size=2152 bytes)
[debug] [2024-09-15T09:14:40.435Z] [unzip] Processing entry: client\apple-touch-icon.png
[debug] [2024-09-15T09:14:40.435Z] [unzip] else mkdir: C:\Users\Chris\.cache\firebase\emulators\ui-v1.13.0\client
[debug] [2024-09-15T09:14:40.435Z] [unzip] deflating: C:\Users\Chris\.cache\firebase\emulators\ui-v1.13.0\client\apple-touch-icon.png
[debug] [2024-09-15T09:14:40.435Z] [unzip] Entry: client/android-chrome-512x512.png (compressed_size=5369 bytes, uncompressed_size=5411 bytes)
[debug] [2024-09-15T09:14:40.435Z] [unzip] Processing entry: client\android-chrome-512x512.png
[debug] [2024-09-15T09:14:40.435Z] [unzip] else mkdir: C:\Users\Chris\.cache\firebase\emulators\ui-v1.13.0\client
[debug] [2024-09-15T09:14:40.435Z] [unzip] deflating: C:\Users\Chris\.cache\firebase\emulators\ui-v1.13.0\client\android-chrome-512x512.png
[debug] [2024-09-15T09:14:40.436Z] [unzip] Entry: client/manifest.json (compressed_size=245 bytes, uncompressed_size=551 bytes)
[debug] [2024-09-15T09:14:40.436Z] [unzip] Processing entry: client\manifest.json
[debug] [2024-09-15T09:14:40.436Z] [unzip] else mkdir: C:\Users\Chris\.cache\firebase\emulators\ui-v1.13.0\client
[debug] [2024-09-15T09:14:40.436Z] [unzip] deflating: C:\Users\Chris\.cache\firebase\emulators\ui-v1.13.0\client\manifest.json
[debug] [2024-09-15T09:14:40.437Z] [unzip] Entry: client/robots.txt (compressed_size=26 bytes, uncompressed_size=26 bytes)
[debug] [2024-09-15T09:14:40.437Z] [unzip] Processing entry: client\robots.txt
[debug] [2024-09-15T09:14:40.437Z] [unzip] else mkdir: C:\Users\Chris\.cache\firebase\emulators\ui-v1.13.0\client
[debug] [2024-09-15T09:14:40.437Z] [unzip] Writing file: C:\Users\Chris\.cache\firebase\emulators\ui-v1.13.0\client\robots.txt
[debug] [2024-09-15T09:14:40.438Z] [unzip] Entry: client/mstile-150x150.png (compressed_size=2034 bytes, uncompressed_size=2034 bytes)
[debug] [2024-09-15T09:14:40.438Z] [unzip] Processing entry: client\mstile-150x150.png
[debug] [2024-09-15T09:14:40.438Z] [unzip] else mkdir: C:\Users\Chris\.cache\firebase\emulators\ui-v1.13.0\client
[debug] [2024-09-15T09:14:40.438Z] [unzip] Writing file: C:\Users\Chris\.cache\firebase\emulators\ui-v1.13.0\client\mstile-150x150.png
[debug] [2024-09-15T09:14:40.438Z] [unzip] Entry: client/assets/ (compressed_size=0 bytes, uncompressed_size=0 bytes)
[debug] [2024-09-15T09:14:40.438Z] [unzip] Processing entry: client\assets\
[debug] [2024-09-15T09:14:40.438Z] [unzip] mkdir: C:\Users\Chris\.cache\firebase\emulators\ui-v1.13.0\client\assets\
[debug] [2024-09-15T09:14:40.438Z] [unzip] Entry: client/assets/index-I-mhtQda.js.map (compressed_size=2322562 bytes, uncompressed_size=9922747 bytes)
[debug] [2024-09-15T09:14:40.438Z] [unzip] Processing entry: client\assets\index-I-mhtQda.js.map
[debug] [2024-09-15T09:14:40.438Z] [unzip] else mkdir: C:\Users\Chris\.cache\firebase\emulators\ui-v1.13.0\client\assets
[debug] [2024-09-15T09:14:40.438Z] [unzip] deflating: C:\Users\Chris\.cache\firebase\emulators\ui-v1.13.0\client\assets\index-I-mhtQda.js.map
[debug] [2024-09-15T09:14:40.463Z] [unzip] Entry: client/assets/index-BdgySamB.css (compressed_size=35979 bytes, uncompressed_size=298654 bytes)
[debug] [2024-09-15T09:14:40.463Z] [unzip] Processing entry: client\assets\index-BdgySamB.css
[debug] [2024-09-15T09:14:40.463Z] [unzip] else mkdir: C:\Users\Chris\.cache\firebase\emulators\ui-v1.13.0\client\assets
[debug] [2024-09-15T09:14:40.464Z] [unzip] deflating: C:\Users\Chris\.cache\firebase\emulators\ui-v1.13.0\client\assets\index-BdgySamB.css
[debug] [2024-09-15T09:14:40.465Z] [unzip] Entry: client/assets/index-I-mhtQda.js (compressed_size=565968 bytes, uncompressed_size=2030855 bytes)
[debug] [2024-09-15T09:14:40.465Z] [unzip] Processing entry: client\assets\index-I-mhtQda.js
[debug] [2024-09-15T09:14:40.465Z] [unzip] else mkdir: C:\Users\Chris\.cache\firebase\emulators\ui-v1.13.0\client\assets
[debug] [2024-09-15T09:14:40.465Z] [unzip] deflating: C:\Users\Chris\.cache\firebase\emulators\ui-v1.13.0\client\assets\index-I-mhtQda.js
[debug] [2024-09-15T09:14:40.471Z] [unzip] Entry: client/assets/extensions/ (compressed_size=0 bytes, uncompressed_size=0 bytes)
[debug] [2024-09-15T09:14:40.471Z] [unzip] Processing entry: client\assets\extensions\
[debug] [2024-09-15T09:14:40.471Z] [unzip] mkdir: C:\Users\Chris\.cache\firebase\emulators\ui-v1.13.0\client\assets\extensions\
[debug] [2024-09-15T09:14:40.472Z] [unzip] Entry: client/assets/extensions/default-extension.png (compressed_size=1646 bytes, uncompressed_size=1657 bytes)
[debug] [2024-09-15T09:14:40.472Z] [unzip] Processing entry: client\assets\extensions\default-extension.png
[debug] [2024-09-15T09:14:40.472Z] [unzip] else mkdir: C:\Users\Chris\.cache\firebase\emulators\ui-v1.13.0\client\assets\extensions
[debug] [2024-09-15T09:14:40.472Z] [unzip] deflating: C:\Users\Chris\.cache\firebase\emulators\ui-v1.13.0\client\assets\extensions\default-extension.png
[debug] [2024-09-15T09:14:40.472Z] [unzip] Entry: client/assets/img/ (compressed_size=0 bytes, uncompressed_size=0 bytes)
[debug] [2024-09-15T09:14:40.472Z] [unzip] Processing entry: client\assets\img\
[debug] [2024-09-15T09:14:40.472Z] [unzip] mkdir: C:\Users\Chris\.cache\firebase\emulators\ui-v1.13.0\client\assets\img\
[debug] [2024-09-15T09:14:40.473Z] [unzip] Entry: client/assets/img/database.png (compressed_size=29449 bytes, uncompressed_size=29988 bytes)
[debug] [2024-09-15T09:14:40.473Z] [unzip] Processing entry: client\assets\img\database.png
[debug] [2024-09-15T09:14:40.473Z] [unzip] else mkdir: C:\Users\Chris\.cache\firebase\emulators\ui-v1.13.0\client\assets\img
[debug] [2024-09-15T09:14:40.473Z] [unzip] deflating: C:\Users\Chris\.cache\firebase\emulators\ui-v1.13.0\client\assets\img\database.png
[debug] [2024-09-15T09:14:40.473Z] [unzip] Entry: client/assets/provider-icons/ (compressed_size=0 bytes, uncompressed_size=0 bytes)
[debug] [2024-09-15T09:14:40.473Z] [unzip] Processing entry: client\assets\provider-icons\
[debug] [2024-09-15T09:14:40.473Z] [unzip] mkdir: C:\Users\Chris\.cache\firebase\emulators\ui-v1.13.0\client\assets\provider-icons\
[debug] [2024-09-15T09:14:40.473Z] [unzip] Entry: client/assets/provider-icons/auth_service_saml.svg (compressed_size=575 bytes, uncompressed_size=1226 bytes)
[debug] [2024-09-15T09:14:40.473Z] [unzip] Processing entry: client\assets\provider-icons\auth_service_saml.svg
[debug] [2024-09-15T09:14:40.473Z] [unzip] else mkdir: C:\Users\Chris\.cache\firebase\emulators\ui-v1.13.0\client\assets\provider-icons
[debug] [2024-09-15T09:14:40.473Z] [unzip] deflating: C:\Users\Chris\.cache\firebase\emulators\ui-v1.13.0\client\assets\provider-icons\auth_service_saml.svg
[debug] [2024-09-15T09:14:40.474Z] [unzip] Entry: client/assets/provider-icons/auth_service_phone.svg (compressed_size=261 bytes, uncompressed_size=414 bytes)
[debug] [2024-09-15T09:14:40.474Z] [unzip] Processing entry: client\assets\provider-icons\auth_service_phone.svg
[debug] [2024-09-15T09:14:40.474Z] [unzip] else mkdir: C:\Users\Chris\.cache\firebase\emulators\ui-v1.13.0\client\assets\provider-icons
[debug] [2024-09-15T09:14:40.474Z] [unzip] deflating: C:\Users\Chris\.cache\firebase\emulators\ui-v1.13.0\client\assets\provider-icons\auth_service_phone.svg
[debug] [2024-09-15T09:14:40.474Z] [unzip] Entry: client/assets/provider-icons/auth_service_facebook.svg (compressed_size=289 bytes, uncompressed_size=457 bytes)
[debug] [2024-09-15T09:14:40.474Z] [unzip] Processing entry: client\assets\provider-icons\auth_service_facebook.svg
[debug] [2024-09-15T09:14:40.474Z] [unzip] else mkdir: C:\Users\Chris\.cache\firebase\emulators\ui-v1.13.0\client\assets\provider-icons
[debug] [2024-09-15T09:14:40.475Z] [unzip] deflating: C:\Users\Chris\.cache\firebase\emulators\ui-v1.13.0\client\assets\provider-icons\auth_service_facebook.svg
[debug] [2024-09-15T09:14:40.475Z] [unzip] Entry: client/assets/provider-icons/auth_service_game_center.svg (compressed_size=991 bytes, uncompressed_size=3921 bytes)
[debug] [2024-09-15T09:14:40.475Z] [unzip] Processing entry: client\assets\provider-icons\auth_service_game_center.svg
[debug] [2024-09-15T09:14:40.475Z] [unzip] else mkdir: C:\Users\Chris\.cache\firebase\emulators\ui-v1.13.0\client\assets\provider-icons
[debug] [2024-09-15T09:14:40.475Z] [unzip] deflating: C:\Users\Chris\.cache\firebase\emulators\ui-v1.13.0\client\assets\provider-icons\auth_service_game_center.svg
[debug] [2024-09-15T09:14:40.476Z] [unzip] Entry: client/assets/provider-icons/auth_service_apple.svg (compressed_size=230 bytes, uncompressed_size=334 bytes)
[debug] [2024-09-15T09:14:40.476Z] [unzip] Processing entry: client\assets\provider-icons\auth_service_apple.svg
[debug] [2024-09-15T09:14:40.476Z] [unzip] else mkdir: C:\Users\Chris\.cache\firebase\emulators\ui-v1.13.0\client\assets\provider-icons
[debug] [2024-09-15T09:14:40.476Z] [unzip] deflating: C:\Users\Chris\.cache\firebase\emulators\ui-v1.13.0\client\assets\provider-icons\auth_service_apple.svg
[debug] [2024-09-15T09:14:40.476Z] [unzip] Entry: client/assets/provider-icons/auth_service_github.svg (compressed_size=466 bytes, uncompressed_size=838 bytes)
[debug] [2024-09-15T09:14:40.476Z] [unzip] Processing entry: client\assets\provider-icons\auth_service_github.svg
[debug] [2024-09-15T09:14:40.476Z] [unzip] else mkdir: C:\Users\Chris\.cache\firebase\emulators\ui-v1.13.0\client\assets\provider-icons
[debug] [2024-09-15T09:14:40.476Z] [unzip] deflating: C:\Users\Chris\.cache\firebase\emulators\ui-v1.13.0\client\assets\provider-icons\auth_service_github.svg
[debug] [2024-09-15T09:14:40.477Z] [unzip] Entry: client/assets/provider-icons/auth_service_mslive.svg (compressed_size=203 bytes, uncompressed_size=378 bytes)
[debug] [2024-09-15T09:14:40.477Z] [unzip] Processing entry: client\assets\provider-icons\auth_service_mslive.svg
[debug] [2024-09-15T09:14:40.477Z] [unzip] else mkdir: C:\Users\Chris\.cache\firebase\emulators\ui-v1.13.0\client\assets\provider-icons
[debug] [2024-09-15T09:14:40.477Z] [unzip] deflating: C:\Users\Chris\.cache\firebase\emulators\ui-v1.13.0\client\assets\provider-icons\auth_service_mslive.svg
[debug] [2024-09-15T09:14:40.477Z] [unzip] Entry: client/assets/provider-icons/auth_service_yahoo.svg (compressed_size=577 bytes, uncompressed_size=1182 bytes)
[debug] [2024-09-15T09:14:40.477Z] [unzip] Processing entry: client\assets\provider-icons\auth_service_yahoo.svg
[debug] [2024-09-15T09:14:40.477Z] [unzip] else mkdir: C:\Users\Chris\.cache\firebase\emulators\ui-v1.13.0\client\assets\provider-icons
[debug] [2024-09-15T09:14:40.477Z] [unzip] deflating: C:\Users\Chris\.cache\firebase\emulators\ui-v1.13.0\client\assets\provider-icons\auth_service_yahoo.svg
[debug] [2024-09-15T09:14:40.478Z] [unzip] Entry: client/assets/provider-icons/auth_service_twitter.svg (compressed_size=444 bytes, uncompressed_size=751 bytes)
[debug] [2024-09-15T09:14:40.478Z] [unzip] Processing entry: client\assets\provider-icons\auth_service_twitter.svg
[debug] [2024-09-15T09:14:40.478Z] [unzip] else mkdir: C:\Users\Chris\.cache\firebase\emulators\ui-v1.13.0\client\assets\provider-icons
[debug] [2024-09-15T09:14:40.478Z] [unzip] deflating: C:\Users\Chris\.cache\firebase\emulators\ui-v1.13.0\client\assets\provider-icons\auth_service_twitter.svg
[debug] [2024-09-15T09:14:40.478Z] [unzip] Entry: client/assets/provider-icons/auth_service_play_games.svg (compressed_size=565 bytes, uncompressed_size=1173 bytes)
[debug] [2024-09-15T09:14:40.478Z] [unzip] Processing entry: client\assets\provider-icons\auth_service_play_games.svg
[debug] [2024-09-15T09:14:40.478Z] [unzip] else mkdir: C:\Users\Chris\.cache\firebase\emulators\ui-v1.13.0\client\assets\provider-icons
[debug] [2024-09-15T09:14:40.478Z] [unzip] deflating: C:\Users\Chris\.cache\firebase\emulators\ui-v1.13.0\client\assets\provider-icons\auth_service_play_games.svg
[debug] [2024-09-15T09:14:40.479Z] [unzip] Entry: client/assets/provider-icons/auth_service_email.svg (compressed_size=228 bytes, uncompressed_size=326 bytes)
[debug] [2024-09-15T09:14:40.479Z] [unzip] Processing entry: client\assets\provider-icons\auth_service_email.svg
[debug] [2024-09-15T09:14:40.479Z] [unzip] else mkdir: C:\Users\Chris\.cache\firebase\emulators\ui-v1.13.0\client\assets\provider-icons
[debug] [2024-09-15T09:14:40.479Z] [unzip] deflating: C:\Users\Chris\.cache\firebase\emulators\ui-v1.13.0\client\assets\provider-icons\auth_service_email.svg
[debug] [2024-09-15T09:14:40.479Z] [unzip] Entry: client/assets/provider-icons/auth_service_google.svg (compressed_size=409 bytes, uncompressed_size=720 bytes)
[debug] [2024-09-15T09:14:40.479Z] [unzip] Processing entry: client\assets\provider-icons\auth_service_google.svg
[debug] [2024-09-15T09:14:40.479Z] [unzip] else mkdir: C:\Users\Chris\.cache\firebase\emulators\ui-v1.13.0\client\assets\provider-icons
[debug] [2024-09-15T09:14:40.479Z] [unzip] deflating: C:\Users\Chris\.cache\firebase\emulators\ui-v1.13.0\client\assets\provider-icons\auth_service_google.svg
[debug] [2024-09-15T09:14:40.480Z] [unzip] Entry: client/assets/provider-icons/auth_service_oidc.svg (compressed_size=414 bytes, uncompressed_size=858 bytes)
[debug] [2024-09-15T09:14:40.480Z] [unzip] Processing entry: client\assets\provider-icons\auth_service_oidc.svg
[debug] [2024-09-15T09:14:40.480Z] [unzip] else mkdir: C:\Users\Chris\.cache\firebase\emulators\ui-v1.13.0\client\assets\provider-icons
[debug] [2024-09-15T09:14:40.480Z] [unzip] deflating: C:\Users\Chris\.cache\firebase\emulators\ui-v1.13.0\client\assets\provider-icons\auth_service_oidc.svg
[debug] [2024-09-15T09:14:40.480Z] [unzip] Entry: client/browserconfig.xml (compressed_size=491 bytes, uncompressed_size=822 bytes)
[debug] [2024-09-15T09:14:40.480Z] [unzip] Processing entry: client\browserconfig.xml
[debug] [2024-09-15T09:14:40.480Z] [unzip] else mkdir: C:\Users\Chris\.cache\firebase\emulators\ui-v1.13.0\client
[debug] [2024-09-15T09:14:40.480Z] [unzip] deflating: C:\Users\Chris\.cache\firebase\emulators\ui-v1.13.0\client\browserconfig.xml
[debug] [2024-09-15T09:14:40.481Z] [unzip] Entry: client/favicon-32x32.png (compressed_size=475 bytes, uncompressed_size=475 bytes)
[debug] [2024-09-15T09:14:40.481Z] [unzip] Processing entry: client\favicon-32x32.png
[debug] [2024-09-15T09:14:40.481Z] [unzip] else mkdir: C:\Users\Chris\.cache\firebase\emulators\ui-v1.13.0\client
[debug] [2024-09-15T09:14:40.481Z] [unzip] Writing file: C:\Users\Chris\.cache\firebase\emulators\ui-v1.13.0\client\favicon-32x32.png
[debug] [2024-09-15T09:14:40.481Z] [unzip] Entry: server/ (compressed_size=0 bytes, uncompressed_size=0 bytes)
[debug] [2024-09-15T09:14:40.481Z] [unzip] Processing entry: server\
[debug] [2024-09-15T09:14:40.481Z] [unzip] mkdir: C:\Users\Chris\.cache\firebase\emulators\ui-v1.13.0\server\
[debug] [2024-09-15T09:14:40.481Z] [unzip] Entry: server/server.mjs.map (compressed_size=294629 bytes, uncompressed_size=1346672 bytes)
[debug] [2024-09-15T09:14:40.481Z] [unzip] Processing entry: server\server.mjs.map
[debug] [2024-09-15T09:14:40.481Z] [unzip] else mkdir: C:\Users\Chris\.cache\firebase\emulators\ui-v1.13.0\server
[debug] [2024-09-15T09:14:40.481Z] [unzip] deflating: C:\Users\Chris\.cache\firebase\emulators\ui-v1.13.0\server\server.mjs.map
[debug] [2024-09-15T09:14:40.485Z] [unzip] Entry: server/server.mjs (compressed_size=314679 bytes, uncompressed_size=1167517 bytes)
[debug] [2024-09-15T09:14:40.485Z] [unzip] Processing entry: server\server.mjs
[debug] [2024-09-15T09:14:40.485Z] [unzip] else mkdir: C:\Users\Chris\.cache\firebase\emulators\ui-v1.13.0\server
[debug] [2024-09-15T09:14:40.485Z] [unzip] deflating: C:\Users\Chris\.cache\firebase\emulators\ui-v1.13.0\server\server.mjs
[debug] [2024-09-15T09:14:40.489Z] [unzip] Entry: server/assets/ (compressed_size=0 bytes, uncompressed_size=0 bytes)
[debug] [2024-09-15T09:14:40.489Z] [unzip] Processing entry: server\assets\
[debug] [2024-09-15T09:14:40.489Z] [unzip] mkdir: C:\Users\Chris\.cache\firebase\emulators\ui-v1.13.0\server\assets\
[debug] [2024-09-15T09:14:40.489Z] [unzip] Entry: server/assets/multipart-parser-DGCUZdXu.mjs.map (compressed_size=4791 bytes, uncompressed_size=17918 bytes)
[debug] [2024-09-15T09:14:40.489Z] [unzip] Processing entry: server\assets\multipart-parser-DGCUZdXu.mjs.map
[debug] [2024-09-15T09:14:40.489Z] [unzip] else mkdir: C:\Users\Chris\.cache\firebase\emulators\ui-v1.13.0\server\assets
[debug] [2024-09-15T09:14:40.489Z] [unzip] deflating: C:\Users\Chris\.cache\firebase\emulators\ui-v1.13.0\server\assets\multipart-parser-DGCUZdXu.mjs.map
[debug] [2024-09-15T09:14:40.490Z] [unzip] Entry: server/assets/multipart-parser-DGCUZdXu.mjs (compressed_size=2621 bytes, uncompressed_size=10390 bytes)
[debug] [2024-09-15T09:14:40.490Z] [unzip] Processing entry: server\assets\multipart-parser-DGCUZdXu.mjs
[debug] [2024-09-15T09:14:40.490Z] [unzip] else mkdir: C:\Users\Chris\.cache\firebase\emulators\ui-v1.13.0\server\assets
[debug] [2024-09-15T09:14:40.490Z] [unzip] deflating: C:\Users\Chris\.cache\firebase\emulators\ui-v1.13.0\server\assets\multipart-parser-DGCUZdXu.mjs
[debug] [2024-09-15T09:14:40.490Z] Ignoring unsupported arg: auto_download {"metadata":{"emulator":{"name":"ui"},"message":"Ignoring unsupported arg: auto_download"}}
[debug] [2024-09-15T09:14:40.490Z] Ignoring unsupported arg: port {"metadata":{"emulator":{"name":"ui"},"message":"Ignoring unsupported arg: port"}}
[debug] [2024-09-15T09:14:40.490Z] Starting Emulator UI with command {"binary":"node","args":["C:\\Users\\Chris\\.cache\\firebase\\emulators\\ui-v1.13.0\\server\\server.mjs"],"optionalArgs":[],"joinArgs":false,"shell":false} {"metadata":{"emulator":{"name":"ui"},"message":"Starting Emulator UI with command {\"binary\":\"node\",\"args\":[\"C:\\\\Users\\\\Chris\\\\.cache\\\\firebase\\\\emulators\\\\ui-v1.13.0\\\\server\\\\server.mjs\"],\"optionalArgs\":[],\"joinArgs\":false,\"shell\":false}"}}
[info] i  ui: Emulator UI logging to ui-debug.log {"metadata":{"emulator":{"name":"ui"},"message":"Emulator UI logging to \u001b[1mui-debug.log\u001b[22m"}}
[debug] [2024-09-15T09:14:40.565Z] Web / API server started at 127.0.0.1:4500
 {"metadata":{"emulator":{"name":"ui"},"message":"Web / API server started at 127.0.0.1:4500\n"}}
[debug] [2024-09-15T09:14:40.565Z] Web / API server started at ::1:4500
 {"metadata":{"emulator":{"name":"ui"},"message":"Web / API server started at ::1:4500\n"}}
[info] 
┌─────────────────────────────────────────────────────────────┐
│ ✔  All emulators ready! It is now safe to connect your app. │
│ i  View Emulator UI at http://127.0.0.1:4500/               │
└─────────────────────────────────────────────────────────────┘

┌───────────┬────────────────┬─────────────────────────────────┐
│ Emulator  │ Host:Port      │ View in Emulator UI             │
├───────────┼────────────────┼─────────────────────────────────┤
│ Firestore │ 127.0.0.1:8085 │ http://127.0.0.1:4500/firestore │
└───────────┴────────────────┴─────────────────────────────────┘
  Emulator Hub running at 127.0.0.1:4400
  Other reserved ports: 4501, 9150

Issues? Report them at https://github.com/firebase/firebase-tools/issues and attach the *-debug.log files.
 
[debug] [2024-09-15T09:14:49.076Z] Sep 15, 2024 11:14:49 AM com.google.cloud.datastore.emulator.firestore.websocket.WebSocketChannelHandler initChannel
INFO: Connected to new websocket client
 {"metadata":{"emulator":{"name":"firestore"},"message":"Sep 15, 2024 11:14:49 AM com.google.cloud.datastore.emulator.firestore.websocket.WebSocketChannelHandler initChannel\r\nINFO: Connected to new websocket client\r\n"}}
[debug] [2024-09-15T09:15:03.470Z] Sep 15, 2024 11:15:03 AM io.gapi.emulators.netty.HttpVersionRoutingHandler channelRead
INFO: Detected HTTP/2 connection.
 {"metadata":{"emulator":{"name":"firestore"},"message":"Sep 15, 2024 11:15:03 AM io.gapi.emulators.netty.HttpVersionRoutingHandler channelRead\r\nINFO: Detected HTTP/2 connection.\r\n"}}
[debug] [2024-09-15T09:15:45.753Z] Sep 15, 2024 11:15:45 AM io.gapi.emulators.netty.HttpVersionRoutingHandler channelRead
INFO: Detected non-HTTP/2 connection.
 {"metadata":{"emulator":{"name":"firestore"},"message":"Sep 15, 2024 11:15:45 AM io.gapi.emulators.netty.HttpVersionRoutingHandler channelRead\r\nINFO: Detected non-HTTP/2 connection.\r\n"}}
[debug] [2024-09-15T09:15:45.812Z] Sep 15, 2024 11:15:45 AM io.gapi.emulators.netty.HttpVersionRoutingHandler channelRead
INFO: Detected HTTP/2 connection.
 {"metadata":{"emulator":{"name":"firestore"},"message":"Sep 15, 2024 11:15:45 AM io.gapi.emulators.netty.HttpVersionRoutingHandler channelRead\r\nINFO: Detected HTTP/2 connection.\r\n"}}
[debug] [2024-09-15T09:15:45.896Z] Sep 15, 2024 11:15:45 AM io.gapi.emulators.netty.HttpVersionRoutingHandler channelRead
INFO: Detected non-HTTP/2 connection.
 {"metadata":{"emulator":{"name":"firestore"},"message":"Sep 15, 2024 11:15:45 AM io.gapi.emulators.netty.HttpVersionRoutingHandler channelRead\r\nINFO: Detected non-HTTP/2 connection.\r\n"}}
[debug] [2024-09-15T09:15:46.289Z] Sep 15, 2024 11:15:46 AM io.gapi.emulators.netty.HttpVersionRoutingHandler channelRead
INFO: Detected non-HTTP/2 connection.
 {"metadata":{"emulator":{"name":"firestore"},"message":"Sep 15, 2024 11:15:46 AM io.gapi.emulators.netty.HttpVersionRoutingHandler channelRead\r\nINFO: Detected non-HTTP/2 connection.\r\n"}}
[debug] [2024-09-15T09:15:46.399Z] Sep 15, 2024 11:15:46 AM io.gapi.emulators.netty.HttpVersionRoutingHandler channelRead
INFO: Detected non-HTTP/2 connection.
 {"metadata":{"emulator":{"name":"firestore"},"message":"Sep 15, 2024 11:15:46 AM io.gapi.emulators.netty.HttpVersionRoutingHandler channelRead\r\nINFO: Detected non-HTTP/2 connection.\r\n"}}
[debug] [2024-09-15T09:15:52.606Z] Sep 15, 2024 11:15:52 AM io.gapi.emulators.netty.HttpVersionRoutingHandler channelRead
INFO: Detected non-HTTP/2 connection.
 {"metadata":{"emulator":{"name":"firestore"},"message":"Sep 15, 2024 11:15:52 AM io.gapi.emulators.netty.HttpVersionRoutingHandler channelRead\r\nINFO: Detected non-HTTP/2 connection.\r\n"}}
[debug] [2024-09-15T09:15:52.607Z] Sep 15, 2024 11:15:52 AM io.gapi.emulators.netty.HttpVersionRoutingHandler channelRead
INFO: Detected non-HTTP/2 connection.
 {"metadata":{"emulator":{"name":"firestore"},"message":"Sep 15, 2024 11:15:52 AM io.gapi.emulators.netty.HttpVersionRoutingHandler channelRead\r\nINFO: Detected non-HTTP/2 connection.\r\n"}}
[debug] [2024-09-15T09:15:54.433Z] Sep 15, 2024 11:15:54 AM io.gapi.emulators.netty.HttpVersionRoutingHandler channelRead
INFO: Detected non-HTTP/2 connection.
 {"metadata":{"emulator":{"name":"firestore"},"message":"Sep 15, 2024 11:15:54 AM io.gapi.emulators.netty.HttpVersionRoutingHandler channelRead\r\nINFO: Detected non-HTTP/2 connection.\r\n"}}
[debug] [2024-09-15T09:16:02.704Z] Sep 15, 2024 11:16:02 AM io.gapi.emulators.netty.HttpVersionRoutingHandler channelRead
INFO: Detected non-HTTP/2 connection.
 {"metadata":{"emulator":{"name":"firestore"},"message":"Sep 15, 2024 11:16:02 AM io.gapi.emulators.netty.HttpVersionRoutingHandler channelRead\r\nINFO: Detected non-HTTP/2 connection.\r\n"}}
[debug] [2024-09-15T09:16:03.012Z] Sep 15, 2024 11:16:03 AM io.gapi.emulators.netty.HttpVersionRoutingHandler channelRead
INFO: Detected non-HTTP/2 connection.
 {"metadata":{"emulator":{"name":"firestore"},"message":"Sep 15, 2024 11:16:03 AM io.gapi.emulators.netty.HttpVersionRoutingHandler channelRead\r\nINFO: Detected non-HTTP/2 connection.\r\n"}}
[debug] [2024-09-15T09:16:03.276Z] Sep 15, 2024 11:16:03 AM io.gapi.emulators.netty.HttpVersionRoutingHandler channelRead
INFO: Detected non-HTTP/2 connection.
 {"metadata":{"emulator":{"name":"firestore"},"message":"Sep 15, 2024 11:16:03 AM io.gapi.emulators.netty.HttpVersionRoutingHandler channelRead\r\nINFO: Detected non-HTTP/2 connection.\r\n"}}
[debug] [2024-09-15T09:16:03.590Z] Sep 15, 2024 11:16:03 AM io.gapi.emulators.netty.HttpVersionRoutingHandler channelRead
INFO: Detected non-HTTP/2 connection.
 {"metadata":{"emulator":{"name":"firestore"},"message":"Sep 15, 2024 11:16:03 AM io.gapi.emulators.netty.HttpVersionRoutingHandler channelRead\r\nINFO: Detected non-HTTP/2 connection.\r\n"}}
[debug] [2024-09-15T09:16:56.874Z] Sep 15, 2024 11:16:56 AM io.gapi.emulators.netty.HttpVersionRoutingHandler channelRead
INFO: Detected non-HTTP/2 connection.
 {"metadata":{"emulator":{"name":"firestore"},"message":"Sep 15, 2024 11:16:56 AM io.gapi.emulators.netty.HttpVersionRoutingHandler channelRead\r\nINFO: Detected non-HTTP/2 connection.\r\n"}}
[debug] [2024-09-15T09:17:31.078Z] Sep 15, 2024 11:17:31 AM io.netty.channel.DefaultChannelPipeline onUnhandledInboundException
WARNING: An exceptionCaught() event was fired, and it reached at the tail of the pipeline. It usually means the last handler in the pipeline did not handle the exception.
java.net.SocketException: Connection reset
	at java.base/sun.nio.ch.SocketChannelImpl.throwConnectionReset(SocketChannelImpl.java:394)
	at java.base/sun.nio.ch.SocketChannelImpl.read(SocketChannelImpl.java:426)
	at io.netty.buffer.PooledByteBuf.setBytes(PooledByteBuf.java:255)
	at io.netty.buffer.AbstractByteBuf.writeBytes(AbstractByteBuf.java:1132)
	at io.netty.channel.socket.nio.NioSocketChannel.doReadBytes(NioSocketChannel.java:356)
	at io.netty.channel.nio.AbstractNioByteChannel$NioByteUnsafe.read(AbstractNioByteChannel.java:151)
	at io.netty.channel.nio.NioEventLoop.processSelectedKey(NioEventLoop.java:788)
	at io.netty.channel.nio.NioEventLoop.processSelectedKeysOptimized(NioEventLoop.java:724)
	at io.netty.channel.nio.NioEventLoop.processSelectedKeys(NioEventLoop.java:650)
	at io.netty.channel.nio.NioEventLoop.run(NioEventLoop.java:562)
	at io.netty.util.concurrent.SingleThreadEventExecutor$4.run(SingleThreadEventExecutor.java:994)
	at io.netty.util.internal.ThreadExecutorMap$2.run(ThreadExecutorMap.java:74)
	at io.netty.util.concurrent.FastThreadLocalRunnable.run(FastThreadLocalRunnable.java:30)
	at java.base/java.lang.Thread.run(Thread.java:840)

 {"metadata":{"emulator":{"name":"firestore"},"message":"Sep 15, 2024 11:17:31 AM io.netty.channel.DefaultChannelPipeline onUnhandledInboundException\r\nWARNING: An exceptionCaught() event was fired, and it reached at the tail of the pipeline. It usually means the last handler in the pipeline did not handle the exception.\r\njava.net.SocketException: Connection reset\r\n\tat java.base/sun.nio.ch.SocketChannelImpl.throwConnectionReset(SocketChannelImpl.java:394)\r\n\tat java.base/sun.nio.ch.SocketChannelImpl.read(SocketChannelImpl.java:426)\r\n\tat io.netty.buffer.PooledByteBuf.setBytes(PooledByteBuf.java:255)\r\n\tat io.netty.buffer.AbstractByteBuf.writeBytes(AbstractByteBuf.java:1132)\r\n\tat io.netty.channel.socket.nio.NioSocketChannel.doReadBytes(NioSocketChannel.java:356)\r\n\tat io.netty.channel.nio.AbstractNioByteChannel$NioByteUnsafe.read(AbstractNioByteChannel.java:151)\r\n\tat io.netty.channel.nio.NioEventLoop.processSelectedKey(NioEventLoop.java:788)\r\n\tat io.netty.channel.nio.NioEventLoop.processSelectedKeysOptimized(NioEventLoop.java:724)\r\n\tat io.netty.channel.nio.NioEventLoop.processSelectedKeys(NioEventLoop.java:650)\r\n\tat io.netty.channel.nio.NioEventLoop.run(NioEventLoop.java:562)\r\n\tat io.netty.util.concurrent.SingleThreadEventExecutor$4.run(SingleThreadEventExecutor.java:994)\r\n\tat io.netty.util.internal.ThreadExecutorMap$2.run(ThreadExecutorMap.java:74)\r\n\tat io.netty.util.concurrent.FastThreadLocalRunnable.run(FastThreadLocalRunnable.java:30)\r\n\tat java.base/java.lang.Thread.run(Thread.java:840)\r\n\r\n"}}
